In GetCharStringFromTcharString
Untitled - NotepadIn GetCharStringFromTcharString
面面面面面面面面面面面面面面面面面面面面面面面面面面面面面面面面面面面面面面面面面面面面面面面面面面面面面面面面面面面面面面面面面面面面面面面面面面面面面面面面面面面面面面面面面面面面面面面面面面面面面面面面面面面面面面面面面面面面面面面面面面面面面面面面面面面面Q面面面面面面面面面面面面面面面面面面面面面面面面面面面面面面面面面面面面面面面面面面面面面面面面面面面面面面面面面面面面面面面面面面面面面面面面面面面面面面面面面面面面面面面面面面面面面面面面面面面面面面面面面面面面面面面面面面面面面面面面面面面面面面面面面面面面QExiting from WndProc: Closing Window
In GetCharStringFromTcharString
Untitled - NotepadIn GetCharStringFromTcharString
Untitled - NotepadExiting from WndProc: Closing Window
In GetCharStringFromTcharString
Untitled - NotepadIn GetCharStringFromTcharString
Untitled - NotepadExiting from WndProc: Closing Window
In GetCharStringFromTcharString
Untitled - NotepadIn GetCharStringFromTcharString
Untitled - NotepadExiting from WndProc: Closing Window
In GetCharStringFromTcharString
Untitled - NotepadExiting from WndProc: Closing Window
In GetCharStringFromTcharString
Untitled - NotepadIn GetCharStringFromTcharString
Untitled - NotepadExiting from WndProc: Closing Window
In GetCharStringFromTcharString
Untitled - NotepadExiting from WndProc: Closing Window
In GetCharStringFromTcharString
Untitled - NotepadExiting from WndProc: Closing Window
In GetCharStringFromTcharString
Untitled - NotepadExiting from WndProc: Closing Window
In GetCharStringFromTcharString
Untitled - NotepadExiting from WndProc: Closing Window
In GetCharStringFromTcharString
Untitled - NotepadExiting from WndProc: Closing Window
In GetCharStringFromTcharString
Untitled - NotepadIn GetCharStringFromTcharString
Untitled - NotepadExiting from WndProc: Closing Window
In GetCharStringFromTcharString
Untitled - NotepadExiting from WndProc: Closing Window
In GetCharStringFromTcharString
Untitled - NotepadExiting from WndProc: Closing Window
Exiting from WndProc: Closing Window
In GetCharStringFromTcharString
Untitled - NotepadExiting from WndProc: Closing Window
In GetCharStringFromTcharString
Untitled - NotepadExiting from WndProc: Closing Window
In GetCharStringFromTcharString
Untitled - NotepadExiting from WndProc: Closing Window
Exiting from WndProc: Closing Window
